[2015-03-09 03:39:14] local.ERROR: exception 'PDOException' with message 'SQLSTATE[42S21]: Column already exists: 1060 Duplicate column name 'created_at'' in /var/www/cms/vendor/laravel/framework/src/Illuminate/Database/Connection.php:369
Stack trace:
#0 /var/www/cms/vendor/laravel/framework/src/Illuminate/Database/Connection.php(369): PDOStatement->execute(Array)
#1 /var/www/cms/vendor/laravel/framework/src/Illuminate/Database/Connection.php(617): Illuminate\Database\Connection->Illuminate\Database\{closure}(Object(Illuminate\Database\MySqlConnection), 'create table `s...', Array)
#2 /var/www/cms/vendor/laravel/framework/src/Illuminate/Database/Connection.php(581): Illuminate\Database\Connection->runQueryCallback('create table `s...', Array, Object(Closure))
#3 /var/www/cms/vendor/laravel/framework/src/Illuminate/Database/Connection.php(370): Illuminate\Database\Connection->run('create table `s...', Array, Object(Closure))
#4 /var/www/cms/vendor/laravel/framework/src/Illuminate/Database/Schema/Blueprint.php(63): Illuminate\Database\Connection->statement('create table `s...')
#5 /var/www/cms/vendor/laravel/framework/src/Illuminate/Database/Schema/Builder.php(169): Illuminate\Database\Schema\Blueprint->build(Object(Illuminate\Database\MySqlConnection), Object(Illuminate\Database\Schema\Grammars\MySqlGrammar))
#6 /var/www/cms/vendor/laravel/framework/src/Illuminate/Database/Schema/Builder.php(112): Illuminate\Database\Schema\Builder->build(Object(Illuminate\Database\Schema\Blueprint))
#7 /var/www/cms/vendor/laravel/framework/src/Illuminate/Support/Facades/Facade.php(211): Illuminate\Database\Schema\Builder->create('sections', Object(Closure))
#8 /var/www/cms/app/database/migrations/2015_03_09_025209_initial_tables.php(26): Illuminate\Support\Facades\Facade::__callStatic('create', Array)
#9 /var/www/cms/app/database/migrations/2015_03_09_025209_initial_tables.php(26): Illuminate\Support\Facades\Schema::create('sections', Object(Closure))
#10 /var/www/cms/vendor/laravel/framework/src/Illuminate/Database/Migrations/Migrator.php(135): InitialTables->up()
#11 /var/www/cms/vendor/laravel/framework/src/Illuminate/Database/Migrations/Migrator.php(111): Illuminate\Database\Migrations\Migrator->runUp('2015_03_09_0252...', 1, false)
#12 /var/www/cms/vendor/laravel/framework/src/Illuminate/Database/Migrations/Migrator.php(82): Illuminate\Database\Migrations\Migrator->runMigrationList(Array, false)
#13 /var/www/cms/vendor/laravel/framework/src/Illuminate/Database/Console/Migrations/MigrateCommand.php(70): Illuminate\Database\Migrations\Migrator->run('/var/www/cms/ap...', false)
#14 /var/www/cms/vendor/laravel/framework/src/Illuminate/Console/Command.php(112): Illuminate\Database\Console\Migrations\MigrateCommand->fire()
#15 /var/www/cms/vendor/symfony/console/Symfony/Component/Console/Command/Command.php(253): Illuminate\Console\Command->execute(Object(Symfony\Component\Console\Input\ArgvInput), Object(Symfony\Component\Console\Output\ConsoleOutput))
#16 /var/www/cms/vendor/laravel/framework/src/Illuminate/Console/Command.php(100): Symfony\Component\Console\Command\Command->run(Object(Symfony\Component\Console\Input\ArgvInput), Object(Symfony\Component\Console\Output\ConsoleOutput))
#17 /var/www/cms/vendor/symfony/console/Symfony/Component/Console/Application.php(889): Illuminate\Console\Command->run(Object(Symfony\Component\Console\Input\ArgvInput), Object(Symfony\Component\Console\Output\ConsoleOutput))
#18 /var/www/cms/vendor/symfony/console/Symfony/Component/Console/Application.php(193): Symfony\Component\Console\Application->doRunCommand(Object(Illuminate\Database\Console\Migrations\MigrateCommand), Object(Symfony\Component\Console\Input\ArgvInput), Object(Symfony\Component\Console\Output\ConsoleOutput))
#19 /var/www/cms/vendor/symfony/console/Symfony/Component/Console/Application.php(124): Symfony\Component\Console\Application->doRun(Object(Symfony\Component\Console\Input\ArgvInput), Object(Symfony\Component\Console\Output\ConsoleOutput))
#20 /var/www/cms/artisan(59): Symfony\Component\Console\Application->run()
#21 {main}

Next exception 'Illuminate\Database\QueryException' with message 'SQLSTATE[42S21]: Column already exists: 1060 Duplicate column name 'created_at' (SQL: create table `sections` (`id` int unsigned not null auto_increment primary key, `name` varchar(255) not null, `slug_url` varchar(255) not null, `menu` tinyint(1) not null default '1', `menu_order` tinyint unsigned not null default '200', `type` varchar(255) not null, `published` tinyint(1) not null default '0', `created_at` timestamp default 0 not null, `updated_at` timestamp default 0 not null, `created_at` timestamp default 0 not null, `updated_at` timestamp default 0 not null, `deleted_at` timestamp null) default character set utf8 collate utf8_unicode_ci)' in /var/www/cms/vendor/laravel/framework/src/Illuminate/Database/Connection.php:625
Stack trace:
#0 /var/www/cms/vendor/laravel/framework/src/Illuminate/Database/Connection.php(581): Illuminate\Database\Connection->runQueryCallback('create table `s...', Array, Object(Closure))
#1 /var/www/cms/vendor/laravel/framework/src/Illuminate/Database/Connection.php(370): Illuminate\Database\Connection->run('create table `s...', Array, Object(Closure))
#2 /var/www/cms/vendor/laravel/framework/src/Illuminate/Database/Schema/Blueprint.php(63): Illuminate\Database\Connection->statement('create table `s...')
#3 /var/www/cms/vendor/laravel/framework/src/Illuminate/Database/Schema/Builder.php(169): Illuminate\Database\Schema\Blueprint->build(Object(Illuminate\Database\MySqlConnection), Object(Illuminate\Database\Schema\Grammars\MySqlGrammar))
#4 /var/www/cms/vendor/laravel/framework/src/Illuminate/Database/Schema/Builder.php(112): Illuminate\Database\Schema\Builder->build(Object(Illuminate\Database\Schema\Blueprint))
#5 /var/www/cms/vendor/laravel/framework/src/Illuminate/Support/Facades/Facade.php(211): Illuminate\Database\Schema\Builder->create('sections', Object(Closure))
#6 /var/www/cms/app/database/migrations/2015_03_09_025209_initial_tables.php(26): Illuminate\Support\Facades\Facade::__callStatic('create', Array)
#7 /var/www/cms/app/database/migrations/2015_03_09_025209_initial_tables.php(26): Illuminate\Support\Facades\Schema::create('sections', Object(Closure))
#8 /var/www/cms/vendor/laravel/framework/src/Illuminate/Database/Migrations/Migrator.php(135): InitialTables->up()
#9 /var/www/cms/vendor/laravel/framework/src/Illuminate/Database/Migrations/Migrator.php(111): Illuminate\Database\Migrations\Migrator->runUp('2015_03_09_0252...', 1, false)
#10 /var/www/cms/vendor/laravel/framework/src/Illuminate/Database/Migrations/Migrator.php(82): Illuminate\Database\Migrations\Migrator->runMigrationList(Array, false)
#11 /var/www/cms/vendor/laravel/framework/src/Illuminate/Database/Console/Migrations/MigrateCommand.php(70): Illuminate\Database\Migrations\Migrator->run('/var/www/cms/ap...', false)
#12 /var/www/cms/vendor/laravel/framework/src/Illuminate/Console/Command.php(112): Illuminate\Database\Console\Migrations\MigrateCommand->fire()
#13 /var/www/cms/vendor/symfony/console/Symfony/Component/Console/Command/Command.php(253): Illuminate\Console\Command->execute(Object(Symfony\Component\Console\Input\ArgvInput), Object(Symfony\Component\Console\Output\ConsoleOutput))
#14 /var/www/cms/vendor/laravel/framework/src/Illuminate/Console/Command.php(100): Symfony\Component\Console\Command\Command->run(Object(Symfony\Component\Console\Input\ArgvInput), Object(Symfony\Component\Console\Output\ConsoleOutput))
#15 /var/www/cms/vendor/symfony/console/Symfony/Component/Console/Application.php(889): Illuminate\Console\Command->run(Object(Symfony\Component\Console\Input\ArgvInput), Object(Symfony\Component\Console\Output\ConsoleOutput))
#16 /var/www/cms/vendor/symfony/console/Symfony/Component/Console/Application.php(193): Symfony\Component\Console\Application->doRunCommand(Object(Illuminate\Database\Console\Migrations\MigrateCommand), Object(Symfony\Component\Console\Input\ArgvInput), Object(Symfony\Component\Console\Output\ConsoleOutput))
#17 /var/www/cms/vendor/symfony/console/Symfony/Component/Console/Application.php(124): Symfony\Component\Console\Application->doRun(Object(Symfony\Component\Console\Input\ArgvInput), Object(Symfony\Component\Console\Output\ConsoleOutput))
#18 /var/www/cms/artisan(59): Symfony\Component\Console\Application->run()
#19 {main} [] []
[2015-03-09 03:42:53] local.ERROR: exception 'PDOException' with message 'SQLSTATE[42S21]: Column already exists: 1060 Duplicate column name 'created_at'' in /var/www/cms/vendor/laravel/framework/src/Illuminate/Database/Connection.php:369
Stack trace:
#0 /var/www/cms/vendor/laravel/framework/src/Illuminate/Database/Connection.php(369): PDOStatement->execute(Array)
#1 /var/www/cms/vendor/laravel/framework/src/Illuminate/Database/Connection.php(617): Illuminate\Database\Connection->Illuminate\Database\{closure}(Object(Illuminate\Database\MySqlConnection), 'create table `s...', Array)
#2 /var/www/cms/vendor/laravel/framework/src/Illuminate/Database/Connection.php(581): Illuminate\Database\Connection->runQueryCallback('create table `s...', Array, Object(Closure))
#3 /var/www/cms/vendor/laravel/framework/src/Illuminate/Database/Connection.php(370): Illuminate\Database\Connection->run('create table `s...', Array, Object(Closure))
#4 /var/www/cms/vendor/laravel/framework/src/Illuminate/Database/Schema/Blueprint.php(63): Illuminate\Database\Connection->statement('create table `s...')
#5 /var/www/cms/vendor/laravel/framework/src/Illuminate/Database/Schema/Builder.php(169): Illuminate\Database\Schema\Blueprint->build(Object(Illuminate\Database\MySqlConnection), Object(Illuminate\Database\Schema\Grammars\MySqlGrammar))
#6 /var/www/cms/vendor/laravel/framework/src/Illuminate/Database/Schema/Builder.php(112): Illuminate\Database\Schema\Builder->build(Object(Illuminate\Database\Schema\Blueprint))
#7 /var/www/cms/vendor/laravel/framework/src/Illuminate/Support/Facades/Facade.php(211): Illuminate\Database\Schema\Builder->create('sections', Object(Closure))
#8 /var/www/cms/app/database/migrations/2015_03_09_025209_initial_tables.php(26): Illuminate\Support\Facades\Facade::__callStatic('create', Array)
#9 /var/www/cms/app/database/migrations/2015_03_09_025209_initial_tables.php(26): Illuminate\Support\Facades\Schema::create('sections', Object(Closure))
#10 /var/www/cms/vendor/laravel/framework/src/Illuminate/Database/Migrations/Migrator.php(135): InitialTables->up()
#11 /var/www/cms/vendor/laravel/framework/src/Illuminate/Database/Migrations/Migrator.php(111): Illuminate\Database\Migrations\Migrator->runUp('2015_03_09_0252...', 1, false)
#12 /var/www/cms/vendor/laravel/framework/src/Illuminate/Database/Migrations/Migrator.php(82): Illuminate\Database\Migrations\Migrator->runMigrationList(Array, false)
#13 /var/www/cms/vendor/laravel/framework/src/Illuminate/Database/Console/Migrations/MigrateCommand.php(70): Illuminate\Database\Migrations\Migrator->run('/var/www/cms/ap...', false)
#14 /var/www/cms/vendor/laravel/framework/src/Illuminate/Console/Command.php(112): Illuminate\Database\Console\Migrations\MigrateCommand->fire()
#15 /var/www/cms/vendor/symfony/console/Symfony/Component/Console/Command/Command.php(253): Illuminate\Console\Command->execute(Object(Symfony\Component\Console\Input\ArgvInput), Object(Symfony\Component\Console\Output\ConsoleOutput))
#16 /var/www/cms/vendor/laravel/framework/src/Illuminate/Console/Command.php(100): Symfony\Component\Console\Command\Command->run(Object(Symfony\Component\Console\Input\ArgvInput), Object(Symfony\Component\Console\Output\ConsoleOutput))
#17 /var/www/cms/vendor/symfony/console/Symfony/Component/Console/Application.php(889): Illuminate\Console\Command->run(Object(Symfony\Component\Console\Input\ArgvInput), Object(Symfony\Component\Console\Output\ConsoleOutput))
#18 /var/www/cms/vendor/symfony/console/Symfony/Component/Console/Application.php(193): Symfony\Component\Console\Application->doRunCommand(Object(Illuminate\Database\Console\Migrations\MigrateCommand), Object(Symfony\Component\Console\Input\ArgvInput), Object(Symfony\Component\Console\Output\ConsoleOutput))
#19 /var/www/cms/vendor/symfony/console/Symfony/Component/Console/Application.php(124): Symfony\Component\Console\Application->doRun(Object(Symfony\Component\Console\Input\ArgvInput), Object(Symfony\Component\Console\Output\ConsoleOutput))
#20 /var/www/cms/artisan(59): Symfony\Component\Console\Application->run()
#21 {main}

Next exception 'Illuminate\Database\QueryException' with message 'SQLSTATE[42S21]: Column already exists: 1060 Duplicate column name 'created_at' (SQL: create table `sections` (`id` int unsigned not null auto_increment primary key, `name` varchar(255) not null, `slug_url` varchar(255) not null, `menu` tinyint(1) not null default '1', `menu_order` tinyint unsigned not null default '200', `type` varchar(255) not null, `published` tinyint(1) not null default '0', `created_at` timestamp default 0 not null, `updated_at` timestamp default 0 not null, `created_at` timestamp default 0 not null, `updated_at` timestamp default 0 not null, `deleted_at` timestamp null) default character set utf8 collate utf8_unicode_ci)' in /var/www/cms/vendor/laravel/framework/src/Illuminate/Database/Connection.php:625
Stack trace:
#0 /var/www/cms/vendor/laravel/framework/src/Illuminate/Database/Connection.php(581): Illuminate\Database\Connection->runQueryCallback('create table `s...', Array, Object(Closure))
#1 /var/www/cms/vendor/laravel/framework/src/Illuminate/Database/Connection.php(370): Illuminate\Database\Connection->run('create table `s...', Array, Object(Closure))
#2 /var/www/cms/vendor/laravel/framework/src/Illuminate/Database/Schema/Blueprint.php(63): Illuminate\Database\Connection->statement('create table `s...')
#3 /var/www/cms/vendor/laravel/framework/src/Illuminate/Database/Schema/Builder.php(169): Illuminate\Database\Schema\Blueprint->build(Object(Illuminate\Database\MySqlConnection), Object(Illuminate\Database\Schema\Grammars\MySqlGrammar))
#4 /var/www/cms/vendor/laravel/framework/src/Illuminate/Database/Schema/Builder.php(112): Illuminate\Database\Schema\Builder->build(Object(Illuminate\Database\Schema\Blueprint))
#5 /var/www/cms/vendor/laravel/framework/src/Illuminate/Support/Facades/Facade.php(211): Illuminate\Database\Schema\Builder->create('sections', Object(Closure))
#6 /var/www/cms/app/database/migrations/2015_03_09_025209_initial_tables.php(26): Illuminate\Support\Facades\Facade::__callStatic('create', Array)
#7 /var/www/cms/app/database/migrations/2015_03_09_025209_initial_tables.php(26): Illuminate\Support\Facades\Schema::create('sections', Object(Closure))
#8 /var/www/cms/vendor/laravel/framework/src/Illuminate/Database/Migrations/Migrator.php(135): InitialTables->up()
#9 /var/www/cms/vendor/laravel/framework/src/Illuminate/Database/Migrations/Migrator.php(111): Illuminate\Database\Migrations\Migrator->runUp('2015_03_09_0252...', 1, false)
#10 /var/www/cms/vendor/laravel/framework/src/Illuminate/Database/Migrations/Migrator.php(82): Illuminate\Database\Migrations\Migrator->runMigrationList(Array, false)
#11 /var/www/cms/vendor/laravel/framework/src/Illuminate/Database/Console/Migrations/MigrateCommand.php(70): Illuminate\Database\Migrations\Migrator->run('/var/www/cms/ap...', false)
#12 /var/www/cms/vendor/laravel/framework/src/Illuminate/Console/Command.php(112): Illuminate\Database\Console\Migrations\MigrateCommand->fire()
#13 /var/www/cms/vendor/symfony/console/Symfony/Component/Console/Command/Command.php(253): Illuminate\Console\Command->execute(Object(Symfony\Component\Console\Input\ArgvInput), Object(Symfony\Component\Console\Output\ConsoleOutput))
#14 /var/www/cms/vendor/laravel/framework/src/Illuminate/Console/Command.php(100): Symfony\Component\Console\Command\Command->run(Object(Symfony\Component\Console\Input\ArgvInput), Object(Symfony\Component\Console\Output\ConsoleOutput))
#15 /var/www/cms/vendor/symfony/console/Symfony/Component/Console/Application.php(889): Illuminate\Console\Command->run(Object(Symfony\Component\Console\Input\ArgvInput), Object(Symfony\Component\Console\Output\ConsoleOutput))
#16 /var/www/cms/vendor/symfony/console/Symfony/Component/Console/Application.php(193): Symfony\Component\Console\Application->doRunCommand(Object(Illuminate\Database\Console\Migrations\MigrateCommand), Object(Symfony\Component\Console\Input\ArgvInput), Object(Symfony\Component\Console\Output\ConsoleOutput))
#17 /var/www/cms/vendor/symfony/console/Symfony/Component/Console/Application.php(124): Symfony\Component\Console\Application->doRun(Object(Symfony\Component\Console\Input\ArgvInput), Object(Symfony\Component\Console\Output\ConsoleOutput))
#18 /var/www/cms/artisan(59): Symfony\Component\Console\Application->run()
#19 {main} [] []
[2015-03-09 03:45:41] local.ERROR: exception 'PDOException' with message 'SQLSTATE[42S21]: Column already exists: 1060 Duplicate column name 'created_at'' in /var/www/cms/vendor/laravel/framework/src/Illuminate/Database/Connection.php:369
Stack trace:
#0 /var/www/cms/vendor/laravel/framework/src/Illuminate/Database/Connection.php(369): PDOStatement->execute(Array)
#1 /var/www/cms/vendor/laravel/framework/src/Illuminate/Database/Connection.php(617): Illuminate\Database\Connection->Illuminate\Database\{closure}(Object(Illuminate\Database\MySqlConnection), 'create table `s...', Array)
#2 /var/www/cms/vendor/laravel/framework/src/Illuminate/Database/Connection.php(581): Illuminate\Database\Connection->runQueryCallback('create table `s...', Array, Object(Closure))
#3 /var/www/cms/vendor/laravel/framework/src/Illuminate/Database/Connection.php(370): Illuminate\Database\Connection->run('create table `s...', Array, Object(Closure))
#4 /var/www/cms/vendor/laravel/framework/src/Illuminate/Database/Schema/Blueprint.php(63): Illuminate\Database\Connection->statement('create table `s...')
#5 /var/www/cms/vendor/laravel/framework/src/Illuminate/Database/Schema/Builder.php(169): Illuminate\Database\Schema\Blueprint->build(Object(Illuminate\Database\MySqlConnection), Object(Illuminate\Database\Schema\Grammars\MySqlGrammar))
#6 /var/www/cms/vendor/laravel/framework/src/Illuminate/Database/Schema/Builder.php(112): Illuminate\Database\Schema\Builder->build(Object(Illuminate\Database\Schema\Blueprint))
#7 /var/www/cms/vendor/laravel/framework/src/Illuminate/Support/Facades/Facade.php(211): Illuminate\Database\Schema\Builder->create('sections', Object(Closure))
#8 /var/www/cms/app/database/migrations/2015_03_09_025209_initial_tables.php(26): Illuminate\Support\Facades\Facade::__callStatic('create', Array)
#9 /var/www/cms/app/database/migrations/2015_03_09_025209_initial_tables.php(26): Illuminate\Support\Facades\Schema::create('sections', Object(Closure))
#10 /var/www/cms/vendor/laravel/framework/src/Illuminate/Database/Migrations/Migrator.php(135): InitialTables->up()
#11 /var/www/cms/vendor/laravel/framework/src/Illuminate/Database/Migrations/Migrator.php(111): Illuminate\Database\Migrations\Migrator->runUp('2015_03_09_0252...', 1, false)
#12 /var/www/cms/vendor/laravel/framework/src/Illuminate/Database/Migrations/Migrator.php(82): Illuminate\Database\Migrations\Migrator->runMigrationList(Array, false)
#13 /var/www/cms/vendor/laravel/framework/src/Illuminate/Database/Console/Migrations/MigrateCommand.php(70): Illuminate\Database\Migrations\Migrator->run('/var/www/cms/ap...', false)
#14 /var/www/cms/vendor/laravel/framework/src/Illuminate/Console/Command.php(112): Illuminate\Database\Console\Migrations\MigrateCommand->fire()
#15 /var/www/cms/vendor/symfony/console/Symfony/Component/Console/Command/Command.php(253): Illuminate\Console\Command->execute(Object(Symfony\Component\Console\Input\ArgvInput), Object(Symfony\Component\Console\Output\ConsoleOutput))
#16 /var/www/cms/vendor/laravel/framework/src/Illuminate/Console/Command.php(100): Symfony\Component\Console\Command\Command->run(Object(Symfony\Component\Console\Input\ArgvInput), Object(Symfony\Component\Console\Output\ConsoleOutput))
#17 /var/www/cms/vendor/symfony/console/Symfony/Component/Console/Application.php(889): Illuminate\Console\Command->run(Object(Symfony\Component\Console\Input\ArgvInput), Object(Symfony\Component\Console\Output\ConsoleOutput))
#18 /var/www/cms/vendor/symfony/console/Symfony/Component/Console/Application.php(193): Symfony\Component\Console\Application->doRunCommand(Object(Illuminate\Database\Console\Migrations\MigrateCommand), Object(Symfony\Component\Console\Input\ArgvInput), Object(Symfony\Component\Console\Output\ConsoleOutput))
#19 /var/www/cms/vendor/symfony/console/Symfony/Component/Console/Application.php(124): Symfony\Component\Console\Application->doRun(Object(Symfony\Component\Console\Input\ArgvInput), Object(Symfony\Component\Console\Output\ConsoleOutput))
#20 /var/www/cms/artisan(59): Symfony\Component\Console\Application->run()
#21 {main}

Next exception 'Illuminate\Database\QueryException' with message 'SQLSTATE[42S21]: Column already exists: 1060 Duplicate column name 'created_at' (SQL: create table `sections` (`id` int unsigned not null auto_increment primary key, `name` varchar(255) not null, `slug_url` varchar(255) not null, `menu` tinyint(1) not null default '1', `menu_order` tinyint unsigned not null default '200', `type` varchar(255) not null, `published` tinyint(1) not null default '0', `created_at` timestamp default 0 not null, `updated_at` timestamp default 0 not null, `created_at` timestamp default 0 not null, `updated_at` timestamp default 0 not null, `deleted_at` timestamp null) default character set utf8 collate utf8_unicode_ci)' in /var/www/cms/vendor/laravel/framework/src/Illuminate/Database/Connection.php:625
Stack trace:
#0 /var/www/cms/vendor/laravel/framework/src/Illuminate/Database/Connection.php(581): Illuminate\Database\Connection->runQueryCallback('create table `s...', Array, Object(Closure))
#1 /var/www/cms/vendor/laravel/framework/src/Illuminate/Database/Connection.php(370): Illuminate\Database\Connection->run('create table `s...', Array, Object(Closure))
#2 /var/www/cms/vendor/laravel/framework/src/Illuminate/Database/Schema/Blueprint.php(63): Illuminate\Database\Connection->statement('create table `s...')
#3 /var/www/cms/vendor/laravel/framework/src/Illuminate/Database/Schema/Builder.php(169): Illuminate\Database\Schema\Blueprint->build(Object(Illuminate\Database\MySqlConnection), Object(Illuminate\Database\Schema\Grammars\MySqlGrammar))
#4 /var/www/cms/vendor/laravel/framework/src/Illuminate/Database/Schema/Builder.php(112): Illuminate\Database\Schema\Builder->build(Object(Illuminate\Database\Schema\Blueprint))
#5 /var/www/cms/vendor/laravel/framework/src/Illuminate/Support/Facades/Facade.php(211): Illuminate\Database\Schema\Builder->create('sections', Object(Closure))
#6 /var/www/cms/app/database/migrations/2015_03_09_025209_initial_tables.php(26): Illuminate\Support\Facades\Facade::__callStatic('create', Array)
#7 /var/www/cms/app/database/migrations/2015_03_09_025209_initial_tables.php(26): Illuminate\Support\Facades\Schema::create('sections', Object(Closure))
#8 /var/www/cms/vendor/laravel/framework/src/Illuminate/Database/Migrations/Migrator.php(135): InitialTables->up()
#9 /var/www/cms/vendor/laravel/framework/src/Illuminate/Database/Migrations/Migrator.php(111): Illuminate\Database\Migrations\Migrator->runUp('2015_03_09_0252...', 1, false)
#10 /var/www/cms/vendor/laravel/framework/src/Illuminate/Database/Migrations/Migrator.php(82): Illuminate\Database\Migrations\Migrator->runMigrationList(Array, false)
#11 /var/www/cms/vendor/laravel/framework/src/Illuminate/Database/Console/Migrations/MigrateCommand.php(70): Illuminate\Database\Migrations\Migrator->run('/var/www/cms/ap...', false)
#12 /var/www/cms/vendor/laravel/framework/src/Illuminate/Console/Command.php(112): Illuminate\Database\Console\Migrations\MigrateCommand->fire()
#13 /var/www/cms/vendor/symfony/console/Symfony/Component/Console/Command/Command.php(253): Illuminate\Console\Command->execute(Object(Symfony\Component\Console\Input\ArgvInput), Object(Symfony\Component\Console\Output\ConsoleOutput))
#14 /var/www/cms/vendor/laravel/framework/src/Illuminate/Console/Command.php(100): Symfony\Component\Console\Command\Command->run(Object(Symfony\Component\Console\Input\ArgvInput), Object(Symfony\Component\Console\Output\ConsoleOutput))
#15 /var/www/cms/vendor/symfony/console/Symfony/Component/Console/Application.php(889): Illuminate\Console\Command->run(Object(Symfony\Component\Console\Input\ArgvInput), Object(Symfony\Component\Console\Output\ConsoleOutput))
#16 /var/www/cms/vendor/symfony/console/Symfony/Component/Console/Application.php(193): Symfony\Component\Console\Application->doRunCommand(Object(Illuminate\Database\Console\Migrations\MigrateCommand), Object(Symfony\Component\Console\Input\ArgvInput), Object(Symfony\Component\Console\Output\ConsoleOutput))
#17 /var/www/cms/vendor/symfony/console/Symfony/Component/Console/Application.php(124): Symfony\Component\Console\Application->doRun(Object(Symfony\Component\Console\Input\ArgvInput), Object(Symfony\Component\Console\Output\ConsoleOutput))
#18 /var/www/cms/artisan(59): Symfony\Component\Console\Application->run()
#19 {main} [] []
[2015-03-10 18:45:36] local.ERROR: exception 'InvalidArgumentException' with message 'Command "controller" is not defined.

Did you mean one of these?
    controller:make
    auth:reminders-controller' in /var/www/cms/vendor/symfony/console/Symfony/Component/Console/Application.php:564
Stack trace:
#0 /var/www/cms/vendor/symfony/console/Symfony/Component/Console/Application.php(190): Symfony\Component\Console\Application->find('controller')
#1 /var/www/cms/vendor/symfony/console/Symfony/Component/Console/Application.php(124): Symfony\Component\Console\Application->doRun(Object(Symfony\Component\Console\Input\ArgvInput), Object(Symfony\Component\Console\Output\ConsoleOutput))
#2 /var/www/cms/artisan(59): Symfony\Component\Console\Application->run()
#3 {main} [] []
[2015-03-10 19:19:59] local.ERROR: exception 'InvalidArgumentException' with message 'Command "controller" is not defined.

Did you mean one of these?
    controller:make
    auth:reminders-controller' in /var/www/cms/vendor/symfony/console/Symfony/Component/Console/Application.php:564
Stack trace:
#0 /var/www/cms/vendor/symfony/console/Symfony/Component/Console/Application.php(190): Symfony\Component\Console\Application->find('controller')
#1 /var/www/cms/vendor/symfony/console/Symfony/Component/Console/Application.php(124): Symfony\Component\Console\Application->doRun(Object(Symfony\Component\Console\Input\ArgvInput), Object(Symfony\Component\Console\Output\ConsoleOutput))
#2 /var/www/cms/artisan(59): Symfony\Component\Console\Application->run()
#3 {main} [] []
[2015-03-10 20:09:34] local.ERROR: exception 'InvalidArgumentException' with message 'Command "controller" is not defined.

Did you mean one of these?
    controller:make
    auth:reminders-controller' in /var/www/cms/vendor/symfony/console/Symfony/Component/Console/Application.php:564
Stack trace:
#0 /var/www/cms/vendor/symfony/console/Symfony/Component/Console/Application.php(190): Symfony\Component\Console\Application->find('controller')
#1 /var/www/cms/vendor/symfony/console/Symfony/Component/Console/Application.php(124): Symfony\Component\Console\Application->doRun(Object(Symfony\Component\Console\Input\ArgvInput), Object(Symfony\Component\Console\Output\ConsoleOutput))
#2 /var/www/cms/artisan(59): Symfony\Component\Console\Application->run()
#3 {main} [] []
[2015-03-12 22:35:45] local.ERROR: exception 'Symfony\Component\HttpKernel\Exception\NotFoundHttpException' in /var/www/cms/vendor/laravel/framework/src/Illuminate/Routing/RouteCollection.php:148
Stack trace:
#0 /var/www/cms/vendor/laravel/framework/src/Illuminate/Routing/Router.php(1054): Illuminate\Routing\RouteCollection->match(Object(Illuminate\Http\Request))
#1 /var/www/cms/vendor/laravel/framework/src/Illuminate/Routing/Router.php(1022): Illuminate\Routing\Router->findRoute(Object(Illuminate\Http\Request))
#2 /var/www/cms/vendor/laravel/framework/src/Illuminate/Routing/Router.php(1001): Illuminate\Routing\Router->dispatchToRoute(Object(Illuminate\Http\Request))
#3 /var/www/cms/vendor/laravel/framework/src/Illuminate/Foundation/Application.php(775): Illuminate\Routing\Router->dispatch(Object(Illuminate\Http\Request))
#4 /var/www/cms/vendor/laravel/framework/src/Illuminate/Foundation/Application.php(745): Illuminate\Foundation\Application->dispatch(Object(Illuminate\Http\Request))
#5 /var/www/cms/vendor/laravel/framework/src/Illuminate/Session/Middleware.php(72): Illuminate\Foundation\Application->handle(Object(Illuminate\Http\Request), 1, true)
#6 /var/www/cms/vendor/laravel/framework/src/Illuminate/Cookie/Queue.php(47): Illuminate\Session\Middleware->handle(Object(Illuminate\Http\Request), 1, true)
#7 /var/www/cms/vendor/laravel/framework/src/Illuminate/Cookie/Guard.php(51): Illuminate\Cookie\Queue->handle(Object(Illuminate\Http\Request), 1, true)
#8 /var/www/cms/vendor/stack/builder/src/Stack/StackedHttpKernel.php(23): Illuminate\Cookie\Guard->handle(Object(Illuminate\Http\Request), 1, true)
#9 /var/www/cms/vendor/laravel/framework/src/Illuminate/Foundation/Application.php(641): Stack\StackedHttpKernel->handle(Object(Illuminate\Http\Request))
#10 /var/www/cms/public/index.php(49): Illuminate\Foundation\Application->run()
#11 {main} [] []
[2015-03-12 22:54:04] local.ERROR: exception 'Symfony\Component\HttpKernel\Exception\NotFoundHttpException' in /var/www/cms/vendor/laravel/framework/src/Illuminate/Routing/RouteCollection.php:148
Stack trace:
#0 /var/www/cms/vendor/laravel/framework/src/Illuminate/Routing/Router.php(1054): Illuminate\Routing\RouteCollection->match(Object(Illuminate\Http\Request))
#1 /var/www/cms/vendor/laravel/framework/src/Illuminate/Routing/Router.php(1022): Illuminate\Routing\Router->findRoute(Object(Illuminate\Http\Request))
#2 /var/www/cms/vendor/laravel/framework/src/Illuminate/Routing/Router.php(1001): Illuminate\Routing\Router->dispatchToRoute(Object(Illuminate\Http\Request))
#3 /var/www/cms/vendor/laravel/framework/src/Illuminate/Foundation/Application.php(775): Illuminate\Routing\Router->dispatch(Object(Illuminate\Http\Request))
#4 /var/www/cms/vendor/laravel/framework/src/Illuminate/Foundation/Application.php(745): Illuminate\Foundation\Application->dispatch(Object(Illuminate\Http\Request))
#5 /var/www/cms/vendor/laravel/framework/src/Illuminate/Session/Middleware.php(72): Illuminate\Foundation\Application->handle(Object(Illuminate\Http\Request), 1, true)
#6 /var/www/cms/vendor/laravel/framework/src/Illuminate/Cookie/Queue.php(47): Illuminate\Session\Middleware->handle(Object(Illuminate\Http\Request), 1, true)
#7 /var/www/cms/vendor/laravel/framework/src/Illuminate/Cookie/Guard.php(51): Illuminate\Cookie\Queue->handle(Object(Illuminate\Http\Request), 1, true)
#8 /var/www/cms/vendor/stack/builder/src/Stack/StackedHttpKernel.php(23): Illuminate\Cookie\Guard->handle(Object(Illuminate\Http\Request), 1, true)
#9 /var/www/cms/vendor/laravel/framework/src/Illuminate/Foundation/Application.php(641): Stack\StackedHttpKernel->handle(Object(Illuminate\Http\Request))
#10 /var/www/cms/public/index.php(49): Illuminate\Foundation\Application->run()
#11 {main} [] []
[2015-03-12 22:56:20] local.ERROR: exception 'Symfony\Component\HttpKernel\Exception\NotFoundHttpException' in /var/www/cms/vendor/laravel/framework/src/Illuminate/Routing/RouteCollection.php:148
Stack trace:
#0 /var/www/cms/vendor/laravel/framework/src/Illuminate/Routing/Router.php(1054): Illuminate\Routing\RouteCollection->match(Object(Illuminate\Http\Request))
#1 /var/www/cms/vendor/laravel/framework/src/Illuminate/Routing/Router.php(1022): Illuminate\Routing\Router->findRoute(Object(Illuminate\Http\Request))
#2 /var/www/cms/vendor/laravel/framework/src/Illuminate/Routing/Router.php(1001): Illuminate\Routing\Router->dispatchToRoute(Object(Illuminate\Http\Request))
#3 /var/www/cms/vendor/laravel/framework/src/Illuminate/Foundation/Application.php(775): Illuminate\Routing\Router->dispatch(Object(Illuminate\Http\Request))
#4 /var/www/cms/vendor/laravel/framework/src/Illuminate/Foundation/Application.php(745): Illuminate\Foundation\Application->dispatch(Object(Illuminate\Http\Request))
#5 /var/www/cms/vendor/laravel/framework/src/Illuminate/Session/Middleware.php(72): Illuminate\Foundation\Application->handle(Object(Illuminate\Http\Request), 1, true)
#6 /var/www/cms/vendor/laravel/framework/src/Illuminate/Cookie/Queue.php(47): Illuminate\Session\Middleware->handle(Object(Illuminate\Http\Request), 1, true)
#7 /var/www/cms/vendor/laravel/framework/src/Illuminate/Cookie/Guard.php(51): Illuminate\Cookie\Queue->handle(Object(Illuminate\Http\Request), 1, true)
#8 /var/www/cms/vendor/stack/builder/src/Stack/StackedHttpKernel.php(23): Illuminate\Cookie\Guard->handle(Object(Illuminate\Http\Request), 1, true)
#9 /var/www/cms/vendor/laravel/framework/src/Illuminate/Foundation/Application.php(641): Stack\StackedHttpKernel->handle(Object(Illuminate\Http\Request))
#10 /var/www/cms/public/index.php(49): Illuminate\Foundation\Application->run()
#11 {main} [] []
[2015-03-12 22:57:50] local.ERROR: exception 'Symfony\Component\HttpKernel\Exception\NotFoundHttpException' in /var/www/cms/vendor/laravel/framework/src/Illuminate/Routing/RouteCollection.php:148
Stack trace:
#0 /var/www/cms/vendor/laravel/framework/src/Illuminate/Routing/Router.php(1054): Illuminate\Routing\RouteCollection->match(Object(Illuminate\Http\Request))
#1 /var/www/cms/vendor/laravel/framework/src/Illuminate/Routing/Router.php(1022): Illuminate\Routing\Router->findRoute(Object(Illuminate\Http\Request))
#2 /var/www/cms/vendor/laravel/framework/src/Illuminate/Routing/Router.php(1001): Illuminate\Routing\Router->dispatchToRoute(Object(Illuminate\Http\Request))
#3 /var/www/cms/vendor/laravel/framework/src/Illuminate/Foundation/Application.php(775): Illuminate\Routing\Router->dispatch(Object(Illuminate\Http\Request))
#4 /var/www/cms/vendor/laravel/framework/src/Illuminate/Foundation/Application.php(745): Illuminate\Foundation\Application->dispatch(Object(Illuminate\Http\Request))
#5 /var/www/cms/vendor/laravel/framework/src/Illuminate/Session/Middleware.php(72): Illuminate\Foundation\Application->handle(Object(Illuminate\Http\Request), 1, true)
#6 /var/www/cms/vendor/laravel/framework/src/Illuminate/Cookie/Queue.php(47): Illuminate\Session\Middleware->handle(Object(Illuminate\Http\Request), 1, true)
#7 /var/www/cms/vendor/laravel/framework/src/Illuminate/Cookie/Guard.php(51): Illuminate\Cookie\Queue->handle(Object(Illuminate\Http\Request), 1, true)
#8 /var/www/cms/vendor/stack/builder/src/Stack/StackedHttpKernel.php(23): Illuminate\Cookie\Guard->handle(Object(Illuminate\Http\Request), 1, true)
#9 /var/www/cms/vendor/laravel/framework/src/Illuminate/Foundation/Application.php(641): Stack\StackedHttpKernel->handle(Object(Illuminate\Http\Request))
#10 /var/www/cms/public/index.php(49): Illuminate\Foundation\Application->run()
#11 {main} [] []
[2015-03-13 21:26:30] local.ERROR: exception 'Symfony\Component\HttpKernel\Exception\NotFoundHttpException' in /var/www/cms/vendor/laravel/framework/src/Illuminate/Routing/RouteCollection.php:148
Stack trace:
#0 /var/www/cms/vendor/laravel/framework/src/Illuminate/Routing/Router.php(1054): Illuminate\Routing\RouteCollection->match(Object(Illuminate\Http\Request))
#1 /var/www/cms/vendor/laravel/framework/src/Illuminate/Routing/Router.php(1022): Illuminate\Routing\Router->findRoute(Object(Illuminate\Http\Request))
#2 /var/www/cms/vendor/laravel/framework/src/Illuminate/Routing/Router.php(1001): Illuminate\Routing\Router->dispatchToRoute(Object(Illuminate\Http\Request))
#3 /var/www/cms/vendor/laravel/framework/src/Illuminate/Foundation/Application.php(775): Illuminate\Routing\Router->dispatch(Object(Illuminate\Http\Request))
#4 /var/www/cms/vendor/laravel/framework/src/Illuminate/Foundation/Application.php(745): Illuminate\Foundation\Application->dispatch(Object(Illuminate\Http\Request))
#5 /var/www/cms/vendor/laravel/framework/src/Illuminate/Session/Middleware.php(72): Illuminate\Foundation\Application->handle(Object(Illuminate\Http\Request), 1, true)
#6 /var/www/cms/vendor/laravel/framework/src/Illuminate/Cookie/Queue.php(47): Illuminate\Session\Middleware->handle(Object(Illuminate\Http\Request), 1, true)
#7 /var/www/cms/vendor/laravel/framework/src/Illuminate/Cookie/Guard.php(51): Illuminate\Cookie\Queue->handle(Object(Illuminate\Http\Request), 1, true)
#8 /var/www/cms/vendor/stack/builder/src/Stack/StackedHttpKernel.php(23): Illuminate\Cookie\Guard->handle(Object(Illuminate\Http\Request), 1, true)
#9 /var/www/cms/vendor/laravel/framework/src/Illuminate/Foundation/Application.php(641): Stack\StackedHttpKernel->handle(Object(Illuminate\Http\Request))
#10 /var/www/cms/public/index.php(49): Illuminate\Foundation\Application->run()
#11 {main} [] []
[2015-03-13 21:27:44] local.ERROR: exception 'Symfony\Component\HttpKernel\Exception\NotFoundHttpException' in /var/www/cms/vendor/laravel/framework/src/Illuminate/Routing/RouteCollection.php:148
Stack trace:
#0 /var/www/cms/vendor/laravel/framework/src/Illuminate/Routing/Router.php(1054): Illuminate\Routing\RouteCollection->match(Object(Illuminate\Http\Request))
#1 /var/www/cms/vendor/laravel/framework/src/Illuminate/Routing/Router.php(1022): Illuminate\Routing\Router->findRoute(Object(Illuminate\Http\Request))
#2 /var/www/cms/vendor/laravel/framework/src/Illuminate/Routing/Router.php(1001): Illuminate\Routing\Router->dispatchToRoute(Object(Illuminate\Http\Request))
#3 /var/www/cms/vendor/laravel/framework/src/Illuminate/Foundation/Application.php(775): Illuminate\Routing\Router->dispatch(Object(Illuminate\Http\Request))
#4 /var/www/cms/vendor/laravel/framework/src/Illuminate/Foundation/Application.php(745): Illuminate\Foundation\Application->dispatch(Object(Illuminate\Http\Request))
#5 /var/www/cms/vendor/laravel/framework/src/Illuminate/Session/Middleware.php(72): Illuminate\Foundation\Application->handle(Object(Illuminate\Http\Request), 1, true)
#6 /var/www/cms/vendor/laravel/framework/src/Illuminate/Cookie/Queue.php(47): Illuminate\Session\Middleware->handle(Object(Illuminate\Http\Request), 1, true)
#7 /var/www/cms/vendor/laravel/framework/src/Illuminate/Cookie/Guard.php(51): Illuminate\Cookie\Queue->handle(Object(Illuminate\Http\Request), 1, true)
#8 /var/www/cms/vendor/stack/builder/src/Stack/StackedHttpKernel.php(23): Illuminate\Cookie\Guard->handle(Object(Illuminate\Http\Request), 1, true)
#9 /var/www/cms/vendor/laravel/framework/src/Illuminate/Foundation/Application.php(641): Stack\StackedHttpKernel->handle(Object(Illuminate\Http\Request))
#10 /var/www/cms/public/index.php(49): Illuminate\Foundation\Application->run()
#11 {main} [] []
[2015-03-13 21:27:44] local.ERROR: exception 'Symfony\Component\HttpKernel\Exception\NotFoundHttpException' in /var/www/cms/vendor/laravel/framework/src/Illuminate/Routing/RouteCollection.php:148
Stack trace:
#0 /var/www/cms/vendor/laravel/framework/src/Illuminate/Routing/Router.php(1054): Illuminate\Routing\RouteCollection->match(Object(Illuminate\Http\Request))
#1 /var/www/cms/vendor/laravel/framework/src/Illuminate/Routing/Router.php(1022): Illuminate\Routing\Router->findRoute(Object(Illuminate\Http\Request))
#2 /var/www/cms/vendor/laravel/framework/src/Illuminate/Routing/Router.php(1001): Illuminate\Routing\Router->dispatchToRoute(Object(Illuminate\Http\Request))
#3 /var/www/cms/vendor/laravel/framework/src/Illuminate/Foundation/Application.php(775): Illuminate\Routing\Router->dispatch(Object(Illuminate\Http\Request))
#4 /var/www/cms/vendor/laravel/framework/src/Illuminate/Foundation/Application.php(745): Illuminate\Foundation\Application->dispatch(Object(Illuminate\Http\Request))
#5 /var/www/cms/vendor/laravel/framework/src/Illuminate/Session/Middleware.php(72): Illuminate\Foundation\Application->handle(Object(Illuminate\Http\Request), 1, true)
#6 /var/www/cms/vendor/laravel/framework/src/Illuminate/Cookie/Queue.php(47): Illuminate\Session\Middleware->handle(Object(Illuminate\Http\Request), 1, true)
#7 /var/www/cms/vendor/laravel/framework/src/Illuminate/Cookie/Guard.php(51): Illuminate\Cookie\Queue->handle(Object(Illuminate\Http\Request), 1, true)
#8 /var/www/cms/vendor/stack/builder/src/Stack/StackedHttpKernel.php(23): Illuminate\Cookie\Guard->handle(Object(Illuminate\Http\Request), 1, true)
#9 /var/www/cms/vendor/laravel/framework/src/Illuminate/Foundation/Application.php(641): Stack\StackedHttpKernel->handle(Object(Illuminate\Http\Request))
#10 /var/www/cms/public/index.php(49): Illuminate\Foundation\Application->run()
#11 {main} [] []
